<?xml version="1.0" encoding="UTF-8"?>
<!-- Generated by org.testng.reporters.JUnitReportReporter -->
<testsuite hostname="ADMIN-PC" name="tests.loginOrangHRM" tests="1" failures="0" timestamp="19 Mar 2018 14:17:18 GMT" time="3.736" errors="0">
  <testcase name="Login" time="3.736" classname="tests.loginOrangHRM"/>
</testsuite> <!-- tests.loginOrangHRM -->
