<?xml version="1.0" encoding="UTF-8"?>
<!-- Generated by org.testng.reporters.JUnitReportReporter -->
<testsuite hostname="ADMIN-PC" name="tests.ToJob_z" tests="1" failures="0" timestamp="8 Apr 2018 07:36:46 GMT" time="2.580" errors="0">
  <testcase name="jobs" time="2.580" classname="tests.ToJob_z"/>
</testsuite> <!-- tests.ToJob_z -->
