<?xml version="1.0" encoding="UTF-8"?>
<!-- Generated by org.testng.reporters.JUnitReportReporter -->
<testsuite hostname="ADMIN-PC" name="tests.TologinOrangHRM" tests="1" failures="0" timestamp="8 Apr 2020 03:45:56 GMT" time="3.460" errors="0">
  <testcase name="Login" time="3.460" classname="tests.TologinOrangHRM"/>
</testsuite> <!-- tests.TologinOrangHRM -->
