<?xml version="1.0" encoding="UTF-8"?>
<!-- Generated by org.testng.reporters.JUnitReportReporter -->
<testsuite hostname="ADMIN-PC" name="tests2.ToDeleteUser" tests="1" failures="0" timestamp="24 Mar 2018 07:22:05 GMT" time="2.715" errors="0">
  <testcase name="delete" time="2.715" classname="tests2.ToDeleteUser"/>
</testsuite> <!-- tests2.ToDeleteUser -->
