<?xml version="1.0" encoding="UTF-8"?>
<!-- Generated by org.testng.reporters.JUnitReportReporter -->
<testsuite hostname="ADMIN-PC" name="tests3.ToparallelDemo1" tests="1" failures="0" timestamp="25 Mar 2018 07:34:25 GMT" time="2.948" errors="0">
  <testcase name="Login" time="2.948" classname="tests3.ToparallelDemo1"/>
</testsuite> <!-- tests3.ToparallelDemo1 -->
