<?xml version="1.0" encoding="UTF-8"?>
<!-- Generated by org.testng.reporters.JUnitReportReporter -->
<testsuite hostname="ADMIN-PC" name="tests.ToJob_EmploymentStatus" tests="1" failures="0" timestamp="29 Apr 2018 06:20:08 GMT" time="3.541" errors="0">
  <testcase name="emply" time="3.541" classname="tests.ToJob_EmploymentStatus"/>
</testsuite> <!-- tests.ToJob_EmploymentStatus -->
