<?xml version="1.0" encoding="UTF-8"?>
<!-- Generated by org.testng.reporters.JUnitReportReporter -->
<testsuite hostname="ADMIN-PC" name="tests.TestCreateWikiPage" tests="1" failures="0" timestamp="31 Oct 2016 11:40:27 GMT" time="4.513" errors="0">
  <testcase name="createWikiPage" time="4.513" classname="tests.TestCreateWikiPage"/>
</testsuite> <!-- tests.TestCreateWikiPage -->
