<?xml version="1.0" encoding="UTF-8"?>
<!-- Generated by org.testng.reporters.JUnitReportReporter -->
<testsuite hostname="ADMIN-PC" name="tests.loginOrangHRM$TestConnectionPage" tests="1" failures="0" timestamp="18 Mar 2018 12:44:15 GMT" time="6.038" errors="0">
  <testcase name="Login" time="6.038" classname="tests.loginOrangHRM$TestConnectionPage"/>
</testsuite> <!-- tests.loginOrangHRM$TestConnectionPage -->
