<?xml version="1.0" encoding="UTF-8"?>
<!-- Generated by org.testng.reporters.JUnitReportReporter -->
<testsuite hostname="ADMIN-PC" name="tests.ToAddUser" tests="1" failures="0" timestamp="1 Apr 2018 10:50:35 GMT" time="4.434" errors="0">
  <testcase name="addinUser" time="4.434" classname="tests.ToAddUser"/>
</testsuite> <!-- tests.ToAddUser -->
