<?xml version="1.0" encoding="UTF-8"?>
<!-- Generated by org.testng.reporters.JUnitReportReporter -->
<testsuite hostname="ADMIN-PC" name="tests.ToJob_PayGrades" tests="1" failures="0" timestamp="29 Apr 2018 06:20:08 GMT" time="2.965" errors="0">
  <testcase name="jobP" time="2.965" classname="tests.ToJob_PayGrades"/>
</testsuite> <!-- tests.ToJob_PayGrades -->
