<?xml version="1.0" encoding="UTF-8"?>
<!-- Generated by org.testng.reporters.JUnitReportReporter -->
<testsuite hostname="ADMIN-PC" name="tests.ToSearchUser" tests="1" failures="0" timestamp="1 Apr 2018 10:50:35 GMT" time="8.245" errors="0">
  <testcase name="searchingUsers" time="8.245" classname="tests.ToSearchUser"/>
</testsuite> <!-- tests.ToSearchUser -->
