<?xml version="1.0" encoding="UTF-8"?>
<!-- Generated by org.testng.reporters.JUnitReportReporter -->
<testsuite hostname="ADMIN-PC" name="tests.AddUser" tests="1" failures="0" timestamp="19 Mar 2018 14:17:18 GMT" time="3.357" errors="0">
  <testcase name="addUser" time="3.357" classname="tests.AddUser"/>
</testsuite> <!-- tests.AddUser -->
