<?xml version="1.0" encoding="UTF-8"?>
<!-- Generated by org.testng.reporters.JUnitReportReporter -->
<testsuite hostname="ADMIN-PC" name="tests2.ToJob" tests="1" failures="0" timestamp="24 Mar 2018 07:22:05 GMT" time="5.892" errors="0">
  <testcase name="Jobs" time="5.892" classname="tests2.ToJob"/>
</testsuite> <!-- tests2.ToJob -->
